whoami
root


uname -a
Linux aad576894bf9 3.16.0-0.bpo.4-amd64 #1 SMP Debian 3.16.39-1+deb8u1~bpo70+1 (2017-02-24) x86_64 x86_64 x86_64 GNU/Linux


df -h
Filesystem      Size  Used Avail Use% Mounted on
none            1.5T  1.2T  228G  84% /
tmpfs           6.4G     0  6.4G   0% /dev
tmpfs           6.4G     0  6.4G   0% /sys/fs/cgroup
/dev/sdb        1.5T  1.2T  228G  84% /etc/hosts
shm              64M     0   64M   0% /dev/shm
tmpfs           6.4G     0  6.4G   0% /sys/firmware


echo num processors: `grep -c ^processor /proc/cpuinfo`
num processors: 2


free -th
              total        used        free      shared  buff/cache   available
Mem:            12G        502M         10G        344K        1.3G         12G
Swap:            0B          0B          0B
Total:          12G        502M         10G


pwd
/cromwell-executions/merge_su2c_maflites_workflow/c5807495-f111-41ba-84ff-4c80f582fabf/call-merge_su2c_maflites/execution


curl "http://metadata.google.internal/computeMetadata/v1/project/project-id" -H "Metadata-Flavor: Google"


curl "http://metadata.google.internal/computeMetadata/v1/instance/zone" -H "Metadata-Flavor: Google"


curl "http://metadata.google.internal/computeMetadata/v1/instance/machine-type" -H "Metadata-Flavor: Google"


curl "http://metadata.google.internal/computeMetadata/v1/instance/hostname" -H "Metadata-Flavor: Google"


curl "http://metadata.google.internal/computeMetadata/v1/instance/scheduling/preemptible" -H "Metadata-Flavor: Google"


curl "http://metadata.google.internal/computeMetadata/v1/instance/description" -H "Metadata-Flavor: Google"


curl "http://metadata.google.internal/computeMetadata/v1/instance/disks/" -H "Metadata-Flavor: Google" | wc -l
0


start: 2018_01_01__20_17_27ip address: 172.17.0.2